<?xml version="1.0" encoding="UTF-8"?>
<!-- Generated by org.testng.reporters.JUnitReportReporter -->
<testsuite hostname="MSI" failures="0" tests="2" name="Selenium.maven.Selenium.maven.demo.WeatherTestUI" time="2.434" errors="0" timestamp="2022-04-26T22:11:34 EDT" skipped="1">
  <testcase classname="Selenium.maven.Selenium.maven.demo.WeatherTestUI" name="openHomePageNDTV" time="2.434"/>
  <system-out/>
  <testcase classname="Selenium.maven.Selenium.maven.demo.WeatherTestUI" name="verifyWeatherSection">
    <skipped/>
  </testcase> <!-- verifyWeatherSection -->
  <system-out/>
</testsuite> <!-- Selenium.maven.Selenium.maven.demo.WeatherTestUI -->
