<?xml version="1.0" encoding="UTF-8"?>
<!-- Generated by org.testng.reporters.JUnitReportReporter -->
<testsuite hostname="User-PC" name="Selenium.maven.testRandomApi.testGetAPI" tests="1" failures="0" timestamp="22 Jul 2020 11:43:04 GMT" time="3.636" errors="0">
  <testcase name="verifyGetApi" time="3.636" classname="Selenium.maven.testRandomApi.testGetAPI"/>
</testsuite> <!-- Selenium.maven.testRandomApi.testGetAPI -->
