<?xml version="1.0" encoding="UTF-8"?>
<!-- Generated by org.testng.reporters.JUnitReportReporter -->
<testsuite hostname="User-PC" name="Selenium.maven.ApiTest.TestWeatherCityAPI" tests="1" failures="0" timestamp="19 Jul 2020 10:25:15 GMT" time="5.232" errors="0">
  <testcase name="testWeatherApi" time="5.232" classname="Selenium.maven.ApiTest.TestWeatherCityAPI"/>
</testsuite> <!-- Selenium.maven.ApiTest.TestWeatherCityAPI -->
